#
# There is insufficient memory for the Java Runtime Environment to continue.
# Native memory allocation (malloc) failed to allocate 1048576 bytes for AllocateHeap
# Possible reasons:
#   The system is out of physical RAM or swap space
#   The process is running with CompressedOops enabled, and the Java Heap may be blocking the growth of the native heap
# Possible solutions:
#   Reduce memory load on the system
#   Increase physical memory or swap space
#   Check if swap backing store is full
#   Decrease Java heap size (-Xmx/-Xms)
#   Decrease number of Java threads
#   Decrease Java thread stack sizes (-Xss)
#   Set larger code cache with -XX:ReservedCodeCacheSize=
#   JVM is running with Unscaled Compressed Oops mode in which the Java heap is
#     placed in the first 4GB address space. The Java Heap base address is the
#     maximum limit for the native heap growth. Please use -XX:HeapBaseMinAddress
#     to set the Java Heap base and to place the Java Heap above 4GB virtual address.
# This output file may be truncated or incomplete.
#
#  Out of Memory Error (allocation.cpp:44), pid=31352, tid=8500
#
# JRE version:  (17.0.8.1+1) (build )
# Java VM: OpenJDK 64-Bit Server VM (17.0.8.1+1, mixed mode, sharing, tiered, compressed oops, compressed class ptrs, g1 gc, windows-amd64)
# No core dump will be written. Minidumps are not enabled by default on client versions of Windows
#

---------------  S U M M A R Y ------------

Command Line: -Djpackage.app-version=4.4.7 -Dcompose.application.resources.dir=C:\Program Files\Processing\app\resources -Dcompose.application.configure.swing.globals=true -Dprocessing.version=4.4.7 -Dprocessing.revision=1307 -Dprocessing.contributions.source=https://contributions.processing.org/contribs -Dprocessing.download.page=https://processing.org/download/ -Dprocessing.download.latest=https://processing.org/download/latest.txt -Dprocessing.tutorials=https://processing.org/tutorials/ -Dsun.java2d.metal=true -Dawt.useSystemAAFontSettings=on -Dskiko.library.path=C:\Program Files\Processing\app -Djpackage.app-path=C:\Program Files\Processing\Processing.exe processing.app.ProcessingKt lsp

Host: 12th Gen Intel(R) Core(TM) i5-1235U, 12 cores, 15G,  Windows 11 , 64 bit Build 26100 (10.0.26100.7705)
Time: Sat Feb 21 23:07:52 2026 Central Standard Time elapsed time: 1.089259 seconds (0d 0h 0m 1s)

---------------  T H R E A D  ---------------

Current thread (0x0000021fc9c58ec0):  JavaThread "Unknown thread" [_thread_in_vm, id=8500, stack(0x0000003b99600000,0x0000003b99700000)]

Stack: [0x0000003b99600000,0x0000003b99700000]
Native frames: (J=compiled Java code, j=interpreted, Vv=VM code, C=native code)
V  [jvm.dll+0x678b0a]
V  [jvm.dll+0x835e84]
V  [jvm.dll+0x83762e]
V  [jvm.dll+0x837c93]
V  [jvm.dll+0x24746f]
V  [jvm.dll+0xa697b]
V  [jvm.dll+0x2d96d4]
V  [jvm.dll+0x807efc]
V  [jvm.dll+0x36bb21]
V  [jvm.dll+0x7e733c]
V  [jvm.dll+0x3ee4af]
V  [jvm.dll+0x3f00c1]
C  [jli.dll+0x528b]
C  [ucrtbase.dll+0x37b0]
C  [KERNEL32.DLL+0x2e8d7]
C  [ntdll.dll+0x8c40c]


---------------  P R O C E S S  ---------------

Threads class SMR info:
_java_thread_list=0x00007fffa79fa018, length=0, elements={
}

Java Threads: ( => current thread )

Other Threads:

=>0x0000021fc9c58ec0 (exited) JavaThread "Unknown thread" [_thread_in_vm, id=8500, stack(0x0000003b99600000,0x0000003b99700000)]

Threads with active compile tasks:

VM state: not at safepoint (not fully initialized)

VM Mutex/Monitor currently owned by a thread: None

Heap address: 0x0000000000000000, size: 0 MB, Compressed Oops mode: 32-bit

CDS archive(s) mapped at: [0x0000000000000000-0x0000000000000000-0x0000000000000000), size 0, SharedBaseAddress: 0x0000000800000000, ArchiveRelocationMode: 1.
Narrow klass base: 0x0000000000000000, Narrow klass shift: 0, Narrow klass range: 0x0

GC Precious Log:
<Empty>

GC Heap History (0 events):
No events

Dll operation events (1 events):
Event: 0.010 Loaded shared library C:\Program Files\Processing\runtime\bin\java.dll

Deoptimization events (0 events):
No events

Classes unloaded (0 events):
No events

Classes redefined (0 events):
No events

Internal exceptions (0 events):
No events

VM Operations (0 events):
No events

Events (0 events):
No events


Dynamic libraries:
0x00007ff63f9a0000 - 0x00007ff63fa18000 	C:\Program Files\Processing\Processing.exe
0x00007ff890140000 - 0x00007ff8903a8000 	C:\Windows\SYSTEM32\ntdll.dll
0x00007ff88eca0000 - 0x00007ff88ed69000 	C:\Windows\System32\KERNEL32.DLL
0x00007ff88cbb0000 - 0x00007ff88cfa1000 	C:\Windows\System32\KERNELBASE.dll
0x00007ff889dd0000 - 0x00007ff889e6e000 	C:\Windows\SYSTEM32\apphelp.dll
0x00007ff88fba0000 - 0x00007ff88fd66000 	C:\Windows\System32\USER32.dll
0x00007ff88cad0000 - 0x00007ff88caf7000 	C:\Windows\System32\win32u.dll
0x00007ff88f8e0000 - 0x00007ff88f90b000 	C:\Windows\System32\GDI32.dll
0x00007ff88dc40000 - 0x00007ff88dd6b000 	C:\Windows\System32\gdi32full.dll
0x00007ff88cb00000 - 0x00007ff88cba3000 	C:\Windows\System32\msvcp_win.dll
0x00007ff88d040000 - 0x00007ff88d18b000 	C:\Windows\System32\ucrtbase.dll
0x00007ff88eea0000 - 0x00007ff88f5f2000 	C:\Windows\System32\SHELL32.dll
0x00007ff88dd70000 - 0x00007ff88deda000 	C:\Windows\System32\wintypes.dll
0x00007ff88fd70000 - 0x00007ff8900f6000 	C:\Windows\System32\combase.dll
0x00007ff88e420000 - 0x00007ff88e538000 	C:\Windows\System32\RPCRT4.dll
0x00007ff88dee0000 - 0x00007ff88df11000 	C:\Windows\System32\IMM32.DLL
0x00007ff88eb90000 - 0x00007ff88ec86000 	C:\Windows\System32\shcore.dll
0x00007ff862620000 - 0x00007ff862637000 	C:\Program Files\Processing\runtime\bin\jli.dll
0x00007ff86e8a0000 - 0x00007ff86eb33000 	C:\Windows\WinSxS\amd64_microsoft.windows.common-controls_6595b64144ccf1df_6.0.26100.7824_none_3e0870b2e3345462\COMCTL32.dll
0x00007ff8624f0000 - 0x00007ff862509000 	C:\Program Files\Processing\runtime\bin\VCRUNTIME140.dll
0x00007ff88e8d0000 - 0x00007ff88e979000 	C:\Windows\System32\msvcrt.dll
0x00007ff884d20000 - 0x00007ff884d2c000 	C:\Program Files\Processing\runtime\bin\vcruntime140_1.dll
0x00007ff8539e0000 - 0x00007ff853a71000 	C:\Program Files\Processing\runtime\bin\msvcp140.dll
0x00007fffa6ee0000 - 0x00007fffa7b2c000 	C:\Program Files\Processing\runtime\bin\server\jvm.dll
0x00007ff88f620000 - 0x00007ff88f6d4000 	C:\Windows\System32\ADVAPI32.dll
0x00007ff88e980000 - 0x00007ff88ea26000 	C:\Windows\System32\sechost.dll
0x00007ff88c880000 - 0x00007ff88c8de000 	C:\Windows\SYSTEM32\POWRPROF.dll
0x00007ff879e30000 - 0x00007ff879e3a000 	C:\Windows\SYSTEM32\WSOCK32.dll
0x00007ff887580000 - 0x00007ff8875b5000 	C:\Windows\SYSTEM32\WINMM.dll
0x00007ff871170000 - 0x00007ff87117b000 	C:\Windows\SYSTEM32\VERSION.dll
0x00007ff88f770000 - 0x00007ff88f7e4000 	C:\Windows\System32\WS2_32.dll
0x00007ff88c860000 - 0x00007ff88c874000 	C:\Windows\SYSTEM32\UMPDC.dll
0x00007ff88b7a0000 - 0x00007ff88b7bb000 	C:\Windows\SYSTEM32\kernel.appcore.dll
0x00007ff87a3d0000 - 0x00007ff87a3da000 	C:\Program Files\Processing\runtime\bin\jimage.dll
0x00007ff88a860000 - 0x00007ff88aaa2000 	C:\Windows\SYSTEM32\DBGHELP.DLL
0x00007ff88eab0000 - 0x00007ff88eb87000 	C:\Windows\System32\OLEAUT32.dll
0x00007ff86c7f0000 - 0x00007ff86c82b000 	C:\Windows\SYSTEM32\dbgcore.DLL
0x00007ff88ca20000 - 0x00007ff88cac5000 	C:\Windows\System32\bcryptPrimitives.dll
0x00007ff861c10000 - 0x00007ff861c35000 	C:\Program Files\Processing\runtime\bin\java.dll

dbghelp: loaded successfully - version: 4.0.5 - missing functions: none
symbol engine: initialized successfully - sym options: 0x614 - pdb path: .;C:\Program Files\Processing;C:\Windows\SYSTEM32;C:\Program Files\Processing\runtime\bin;C:\Windows\WinSxS\amd64_microsoft.windows.common-controls_6595b64144ccf1df_6.0.26100.7824_none_3e0870b2e3345462;C:\Program Files\Processing\runtime\bin\server

VM Arguments:
jvm_args: -Djpackage.app-version=4.4.7 -Dcompose.application.resources.dir=C:\Program Files\Processing\app\resources -Dcompose.application.configure.swing.globals=true -Dprocessing.version=4.4.7 -Dprocessing.revision=1307 -Dprocessing.contributions.source=https://contributions.processing.org/contribs -Dprocessing.download.page=https://processing.org/download/ -Dprocessing.download.latest=https://processing.org/download/latest.txt -Dprocessing.tutorials=https://processing.org/tutorials/ -Dsun.java2d.metal=true -Dawt.useSystemAAFontSettings=on -Dskiko.library.path=C:\Program Files\Processing\app -Djpackage.app-path=C:\Program Files\Processing\Processing.exe 
java_command: processing.app.ProcessingKt lsp
java_class_path (initial): C:\Program Files\Processing\app\app-4.4.7-e96fb85d9b87e2a6836e2468a15ca60.jar;C:\Program Files\Processing\app\animation-core-desktop-1.7.1-87bb47dcf611207d17ac1fabc2155e1.jar;C:\Program Files\Processing\app\animation-desktop-1.7.1-405fd87261449d20aacb4543f98b26b.jar;C:\Program Files\Processing\app\annotation-jvm-1.8.0-3c74b73c0c75521f67964f11b28dec9.jar;C:\Program Files\Processing\app\annotations-23.0.0-8484cd17d040d837983323f760b2c660.jar;C:\Program Files\Processing\app\ant-1.10.14-263e0d844d0e4efa54440ec5ed6362a.jar;C:\Program Files\Processing\app\ant-launcher-1.10.14-e6c71b2f05383e1fb891e99f5267663.jar;C:\Program Files\Processing\app\antlr-2.7.7-f8f1352c52a4c6a50b59759651fc64.jar;C:\Program Files\Processing\app\antlr-runtime-3.5.2-1fbbae2cb72530207c20b797bdabd029.jar;C:\Program Files\Processing\app\antlr4-4.7.2-fb6d825b259de868e7f38bf1b8fa0b9.jar;C:\Program Files\Processing\app\antlr4-runtime-4.7.2-2592a7a5d732ad5f6677bf41f77a11.jar;C:\Program Files\Processing\app\atomicfu-jvm-0.23.2-5e4f88ed1c37222d791f5dcadf481498.jar;C:\Program Files\Processing\app\classpath-explorer-1.0-caab34e762a7f05d30ac7d40af90b3ef.jar;C:\Program Files\Processing\app\clikt-jvm-56324132fdbcd27f903c16d7bcfa4b8.jar;C:\Program Files\Processing\app\clikt-mordant-jvm-3c28e5f442b1e2978ce8fbd2f56e541.jar;C:\Program Files\Processing\app\collection-jvm-1.4.0-3f0597ec99a52ecdbf6f3962c5dc77a.jar;C:\Program Files\Processing\app\colormath-jvm-6a279b2713acb5c7ffb5e683bf2841.jar;C:\Program Files\Processing\app\compottie-desktop-2.0.0-rc02-5f1edfd67e18f4319b4c781c2b3d1e4.jar;C:\Program Files\Processing\app\core-4.4.7-b3ecf8494d828528c05573c1edbb881.jar;C:\Program Files\Processing\app\core-common-2.2.0-2212d240dfe1e8a7598ee117ccc316d.jar;C:\Program Files\Processing\app\desktop-jvm-1.7.1-de424e1ca627c3ee7de0f1f65430b2c5.jar;C:\Program Files\Processing\app\flatlaf-2.4-6481e9fa65e13e28c37547e0fd1dc2.jar;C:\Program Files\Processing\app\foundation-desktop-1.7.1-2d7e40c714a890b0ea366
Launcher Type: SUN_STANDARD

[Global flags]
     intx CICompilerCount                          = 4                                         {product} {ergonomic}
     uint ConcGCThreads                            = 3                                         {product} {ergonomic}
     uint G1ConcRefinementThreads                  = 10                                        {product} {ergonomic}
   size_t G1HeapRegionSize                         = 2097152                                   {product} {ergonomic}
    uintx GCDrainStackTargetSize                   = 64                                        {product} {ergonomic}
   size_t InitialHeapSize                          = 264241152                                 {product} {ergonomic}
   size_t MarkStackSize                            = 4194304                                   {product} {ergonomic}
   size_t MaxHeapSize                              = 4213178368                                {product} {ergonomic}
   size_t MinHeapDeltaBytes                        = 2097152                                   {product} {ergonomic}
   size_t MinHeapSize                              = 8388608                                   {product} {ergonomic}
    uintx NonNMethodCodeHeapSize                   = 5839372                                {pd product} {ergonomic}
    uintx NonProfiledCodeHeapSize                  = 122909434                              {pd product} {ergonomic}
    uintx ProfiledCodeHeapSize                     = 122909434                              {pd product} {ergonomic}
    uintx ReservedCodeCacheSize                    = 251658240                              {pd product} {ergonomic}
     bool SegmentedCodeCache                       = true                                      {product} {ergonomic}
   size_t SoftMaxHeapSize                          = 4213178368                             {manageable} {ergonomic}
     bool UseCompressedClassPointers               = true                           {product lp64_product} {ergonomic}
     bool UseCompressedOops                        = true                           {product lp64_product} {ergonomic}
     bool UseG1GC                                  = true                                      {product} {ergonomic}
     bool UseLargePagesIndividualAllocation        = false                                  {pd product} {ergonomic}

Logging:
Log output configuration:
 #0: stdout all=warning uptime,level,tags
 #1: stderr all=off uptime,level,tags

Environment Variables:
PATH=C:\Program Files (x86)\Common Files\Oracle\Java\java8path;C:\Program Files (x86)\Common Files\Oracle\Java\javapath;C:\Windows\system32;C:\Windows;C:\Windows\System32\Wbem;C:\Windows\System32\WindowsPowerShell\v1.0\;C:\Windows\System32\OpenSSH\;C:\Program Files\dotnet\;C:\Program Files\Git\cmd;C:\ProgramData\chocolatey\bin;C:\Users\scidi\AppData\Local\Programs\Python\Python311;C:\Users\scidi\AppData\Local\Microsoft\WindowsApps;C:\Users\scidi\AppData\Local\Programs\Microsoft VS Code\bin;C:\ghcup\bin;C:\msys64\ucrt64\bin;C:\Program Files\Processing\;;C:\Program Files\Processing\app
USERNAME=scidi
OS=Windows_NT
PROCESSOR_IDENTIFIER=Intel64 Family 6 Model 154 Stepping 4, GenuineIntel
TMP=C:\Users\scidi\AppData\Local\Temp
TEMP=C:\Users\scidi\AppData\Local\Temp



---------------  S Y S T E M  ---------------

OS:
 Windows 11 , 64 bit Build 26100 (10.0.26100.7705)
OS uptime: 10 days 21:33 hours
Hyper-V role detected

CPU: total 12 (initial active 12) (6 cores per cpu, 2 threads per core) family 6 model 154 stepping 4 microcode 0x437, cx8, cmov, fxsr, ht, mmx, 3dnowpref, sse, sse2, sse3, ssse3, sse4.1, sse4.2, popcnt, lzcnt, tsc, tscinvbit, avx, avx2, aes, erms, clmul, bmi1, bmi2, adx, sha, fma, vzeroupper, clflush, clflushopt, clwb, hv
Processor Information for all 12 processors :
  Max Mhz: 1300, Current Mhz: 1300, Mhz Limit: 1300

Memory: 4k page, system-wide physical 16068M (1260M free)
TotalPageFile size 65220M (AvailPageFile size 15M)
current process WorkingSet (physical memory assigned to process): 14M, peak: 14M
current process commit charge ("private bytes"): 14M, peak: 15M

vm_info: OpenJDK 64-Bit Server VM (17.0.8.1+1) for windows-amd64 JRE (17.0.8.1+1), built on Aug 23 2023 15:29:17 by "admin" with MS VC++ 16.7 (VS2019)

END.
